build/app/intermediates/manifest_merge_blame_file/debug/manifest-merger-blame-debug-report.txt
1<?xml version="1.0" encoding="utf-8"?>
2<manifest xmlns:android="http://schemas.android.com/apk/res/android"
3    package="com.example.mentalhealth"
4    android:versionCode="1"
5    android:versionName="1.0.0" >
6
7    <uses-sdk
8        android:minSdkVersion="21"
9        android:targetSdkVersion="35" />
10    <!--
11         The INTERNET permission is required for development. Specifically,
12         the Flutter tool needs it to communicate with the running application
13         to allow setting breakpoints, to provide hot reload, etc.
14    -->
15    <uses-permission android:name="android.permission.INTERNET" />
15-->src\main\AndroidManifest.xml:8:5-66
15-->src\main\AndroidManifest.xml:8:22-64
16    <!-- Add permissions here -->
17    <uses-permission android:name="android.permission.SCHEDULE_EXACT_ALARM" />
17-->src\main\AndroidManifest.xml:3:5-79
17-->src\main\AndroidManifest.xml:3:22-76
18    <uses-permission android:name="android.permission.FOREGROUND_SERVICE" />
18-->src\main\AndroidManifest.xml:4:5-77
18-->src\main\AndroidManifest.xml:4:22-74
19    <uses-permission android:name="android.permission.POST_NOTIFICATIONS" /> <!-- Required for Android 13+ -->
19-->src\main\AndroidManifest.xml:5:5-77
19-->src\main\AndroidManifest.xml:5:22-74
20    <uses-permission android:name="android.permission.WAKE_LOCK" />
20-->src\main\AndroidManifest.xml:6:5-68
20-->src\main\AndroidManifest.xml:6:22-65
21    <uses-permission android:name="android.permission.VIBRATE" />
21-->src\main\AndroidManifest.xml:7:5-66
21-->src\main\AndroidManifest.xml:7:22-63
22    <uses-permission android:name="android.permission.ACCESS_NETWORK_STATE" />
22-->src\main\AndroidManifest.xml:9:5-78
22-->src\main\AndroidManifest.xml:9:22-76
23    <uses-permission android:name="android.permission.CALL_PHONE" />
23-->src\main\AndroidManifest.xml:10:5-68
23-->src\main\AndroidManifest.xml:10:22-66
24    <uses-permission android:name="android.permission.READ_EXTERNAL_STORAGE" />
24-->src\main\AndroidManifest.xml:11:5-79
24-->src\main\AndroidManifest.xml:11:22-77
25    <uses-permission android:name="android.permission.CAMERA" />
25-->src\main\AndroidManifest.xml:12:1-60
25-->src\main\AndroidManifest.xml:12:18-58
26    <!--
27 Required to query activities that can process text, see:
28         https://developer.android.com/training/package-visibility and
29         https://developer.android.com/reference/android/content/Intent#ACTION_PROCESS_TEXT.
30
31         In particular, this is used by the Flutter engine in io.flutter.plugin.text.ProcessTextPlugin.
32    -->
33    <queries>
33-->src\main\AndroidManifest.xml:61:5-66:15
34        <intent>
34-->src\main\AndroidManifest.xml:62:9-65:18
35            <action android:name="android.intent.action.PROCESS_TEXT" />
35-->src\main\AndroidManifest.xml:63:13-72
35-->src\main\AndroidManifest.xml:63:21-70
36
37            <data android:mimeType="text/plain" />
37-->src\main\AndroidManifest.xml:64:13-50
37-->src\main\AndroidManifest.xml:64:19-48
38        </intent>
39    </queries>
40
41    <permission
41-->[androidx.core:core:1.13.1] AndroidManifest.xml:22:5-24:47
42        android:name="com.example.mentalhealth.DYNAMIC_RECEIVER_NOT_EXPORTED_PERMISSION"
42-->[androidx.core:core:1.13.1] AndroidManifest.xml:23:9-81
43        android:protectionLevel="signature" />
43-->[androidx.core:core:1.13.1] AndroidManifest.xml:24:9-44
44
45    <uses-permission android:name="com.example.mentalhealth.DYNAMIC_RECEIVER_NOT_EXPORTED_PERMISSION" />
45-->[androidx.core:core:1.13.1] AndroidManifest.xml:26:5-97
45-->[androidx.core:core:1.13.1] AndroidManifest.xml:26:22-94
46
47    <application
48        android:name="android.app.Application"
49        android:appComponentFactory="androidx.core.app.CoreComponentFactory"
49-->[androidx.core:core:1.13.1] AndroidManifest.xml:28:18-86
50        android:debuggable="true"
51        android:enableOnBackInvokedCallback="true"
52        android:extractNativeLibs="true"
53        android:icon="@mipmap/ic_launcher"
54        android:label="mentalhealth" >
55
56        <!-- Declare notification channel metadata (optional but recommended) -->
57        <meta-data
58            android:name="flutter_local_notifications_channel_description"
59            android:value="Reminds you to drink water at regular intervals" />
60
61        <activity
62            android:name="com.example.mentalhealth.MainActivity"
63            android:configChanges="orientation|keyboardHidden|keyboard|screenSize|smallestScreenSize|locale|layoutDirection|fontScale|screenLayout|density|uiMode"
64            android:exported="true"
65            android:hardwareAccelerated="true"
66            android:launchMode="singleTop"
67            android:taskAffinity=""
68            android:theme="@style/LaunchTheme"
69            android:windowSoftInputMode="adjustResize" >
70
71            <!--
72                 Specifies an Android theme to apply to this Activity as soon as
73                 the Android process has started. This theme is visible to the user
74                 while the Flutter UI initializes. After that, this theme continues
75                 to determine the Window background behind the Flutter UI.
76            -->
77            <meta-data
78                android:name="io.flutter.embedding.android.NormalTheme"
79                android:resource="@style/NormalTheme" />
80
81            <intent-filter>
82                <action android:name="android.intent.action.MAIN" />
83
84                <category android:name="android.intent.category.LAUNCHER" />
85            </intent-filter>
86        </activity>
87        <!--
88             Don't delete the meta-data below.
89             This is used by the Flutter tool to generate GeneratedPluginRegistrant.java
90        -->
91        <meta-data
92            android:name="flutterEmbedding"
93            android:value="2" />
94
95        <provider
95-->[:image_picker_android] AndroidManifest.xml:9:9-17:20
96            android:name="io.flutter.plugins.imagepicker.ImagePickerFileProvider"
96-->[:image_picker_android] AndroidManifest.xml:10:13-82
97            android:authorities="com.example.mentalhealth.flutter.image_provider"
97-->[:image_picker_android] AndroidManifest.xml:11:13-74
98            android:exported="false"
98-->[:image_picker_android] AndroidManifest.xml:12:13-37
99            android:grantUriPermissions="true" >
99-->[:image_picker_android] AndroidManifest.xml:13:13-47
100            <meta-data
100-->[:image_picker_android] AndroidManifest.xml:14:13-16:75
101                android:name="android.support.FILE_PROVIDER_PATHS"
101-->[:image_picker_android] AndroidManifest.xml:15:17-67
102                android:resource="@xml/flutter_image_picker_file_paths" />
102-->[:image_picker_android] AndroidManifest.xml:16:17-72
103        </provider> <!-- Trigger Google Play services to install the backported photo picker module. -->
104        <service
104-->[:image_picker_android] AndroidManifest.xml:19:9-31:19
105            android:name="com.google.android.gms.metadata.ModuleDependencies"
105-->[:image_picker_android] AndroidManifest.xml:20:13-78
106            android:enabled="false"
106-->[:image_picker_android] AndroidManifest.xml:21:13-36
107            android:exported="false" >
107-->[:image_picker_android] AndroidManifest.xml:22:13-37
108            <intent-filter>
108-->[:image_picker_android] AndroidManifest.xml:24:13-26:29
109                <action android:name="com.google.android.gms.metadata.MODULE_DEPENDENCIES" />
109-->[:image_picker_android] AndroidManifest.xml:25:17-94
109-->[:image_picker_android] AndroidManifest.xml:25:25-91
110            </intent-filter>
111
112            <meta-data
112-->[:image_picker_android] AndroidManifest.xml:28:13-30:36
113                android:name="photopicker_activity:0:required"
113-->[:image_picker_android] AndroidManifest.xml:29:17-63
114                android:value="" />
114-->[:image_picker_android] AndroidManifest.xml:30:17-33
115        </service>
116
117        <activity
117-->[:url_launcher_android] AndroidManifest.xml:8:9-11:74
118            android:name="io.flutter.plugins.urllauncher.WebViewActivity"
118-->[:url_launcher_android] AndroidManifest.xml:9:13-74
119            android:exported="false"
119-->[:url_launcher_android] AndroidManifest.xml:10:13-37
120            android:theme="@android:style/Theme.NoTitleBar.Fullscreen" />
120-->[:url_launcher_android] AndroidManifest.xml:11:13-71
121
122        <uses-library
122-->[androidx.window:window:1.2.0] AndroidManifest.xml:23:9-25:40
123            android:name="androidx.window.extensions"
123-->[androidx.window:window:1.2.0] AndroidManifest.xml:24:13-54
124            android:required="false" />
124-->[androidx.window:window:1.2.0] AndroidManifest.xml:25:13-37
125        <uses-library
125-->[androidx.window:window:1.2.0] AndroidManifest.xml:26:9-28:40
126            android:name="androidx.window.sidecar"
126-->[androidx.window:window:1.2.0] AndroidManifest.xml:27:13-51
127            android:required="false" />
127-->[androidx.window:window:1.2.0] AndroidManifest.xml:28:13-37
128
129        <provider
129-->[androidx.lifecycle:lifecycle-process:2.7.0] AndroidManifest.xml:24:9-32:20
130            android:name="androidx.startup.InitializationProvider"
130-->[androidx.lifecycle:lifecycle-process:2.7.0] AndroidManifest.xml:25:13-67
131            android:authorities="com.example.mentalhealth.androidx-startup"
131-->[androidx.lifecycle:lifecycle-process:2.7.0] AndroidManifest.xml:26:13-68
132            android:exported="false" >
132-->[androidx.lifecycle:lifecycle-process:2.7.0] AndroidManifest.xml:27:13-37
133            <meta-data
133-->[androidx.lifecycle:lifecycle-process:2.7.0] AndroidManifest.xml:29:13-31:52
134                android:name="androidx.lifecycle.ProcessLifecycleInitializer"
134-->[androidx.lifecycle:lifecycle-process:2.7.0] AndroidManifest.xml:30:17-78
135                android:value="androidx.startup" />
135-->[androidx.lifecycle:lifecycle-process:2.7.0] AndroidManifest.xml:31:17-49
136            <meta-data
136-->[androidx.profileinstaller:profileinstaller:1.3.1] AndroidManifest.xml:29:13-31:52
137                android:name="androidx.profileinstaller.ProfileInstallerInitializer"
137-->[androidx.profileinstaller:profileinstaller:1.3.1] AndroidManifest.xml:30:17-85
138                android:value="androidx.startup" />
138-->[androidx.profileinstaller:profileinstaller:1.3.1] AndroidManifest.xml:31:17-49
139        </provider>
140
141        <receiver
141-->[androidx.profileinstaller:profileinstaller:1.3.1] AndroidManifest.xml:34:9-52:20
142            android:name="androidx.profileinstaller.ProfileInstallReceiver"
142-->[androidx.profileinstaller:profileinstaller:1.3.1] AndroidManifest.xml:35:13-76
143            android:directBootAware="false"
143-->[androidx.profileinstaller:profileinstaller:1.3.1] AndroidManifest.xml:36:13-44
144            android:enabled="true"
144-->[androidx.profileinstaller:profileinstaller:1.3.1] AndroidManifest.xml:37:13-35
145            android:exported="true"
145-->[androidx.profileinstaller:profileinstaller:1.3.1] AndroidManifest.xml:38:13-36
146            android:permission="android.permission.DUMP" >
146-->[androidx.profileinstaller:profileinstaller:1.3.1] AndroidManifest.xml:39:13-57
147            <intent-filter>
147-->[androidx.profileinstaller:profileinstaller:1.3.1] AndroidManifest.xml:40:13-42:29
148                <action android:name="androidx.profileinstaller.action.INSTALL_PROFILE" />
148-->[androidx.profileinstaller:profileinstaller:1.3.1] AndroidManifest.xml:41:17-91
148-->[androidx.profileinstaller:profileinstaller:1.3.1] AndroidManifest.xml:41:25-88
149            </intent-filter>
150            <intent-filter>
150-->[androidx.profileinstaller:profileinstaller:1.3.1] AndroidManifest.xml:43:13-45:29
151                <action android:name="androidx.profileinstaller.action.SKIP_FILE" />
151-->[androidx.profileinstaller:profileinstaller:1.3.1] AndroidManifest.xml:44:17-85
151-->[androidx.profileinstaller:profileinstaller:1.3.1] AndroidManifest.xml:44:25-82
152            </intent-filter>
153            <intent-filter>
153-->[androidx.profileinstaller:profileinstaller:1.3.1] AndroidManifest.xml:46:13-48:29
154                <action android:name="androidx.profileinstaller.action.SAVE_PROFILE" />
154-->[androidx.profileinstaller:profileinstaller:1.3.1] AndroidManifest.xml:47:17-88
154-->[androidx.profileinstaller:profileinstaller:1.3.1] AndroidManifest.xml:47:25-85
155            </intent-filter>
156            <intent-filter>
156-->[androidx.profileinstaller:profileinstaller:1.3.1] AndroidManifest.xml:49:13-51:29
157                <action android:name="androidx.profileinstaller.action.BENCHMARK_OPERATION" />
157-->[androidx.profileinstaller:profileinstaller:1.3.1] AndroidManifest.xml:50:17-95
157-->[androidx.profileinstaller:profileinstaller:1.3.1] AndroidManifest.xml:50:25-92
158            </intent-filter>
159        </receiver>
160    </application>
161
162</manifest>